[debug] [2021-08-04T16:13:30.814Z] ----------------------------------------------------------------------
[debug] [2021-08-04T16:13:30.816Z] Command:       C:\Program Files\nodejs\node.exe C:\Users\boama\AppData\Roaming\npm\node_modules\firebase-tools\lib\bin\firebase.js emulators:start --only functions
[debug] [2021-08-04T16:13:30.817Z] CLI Version:   9.16.0
[debug] [2021-08-04T16:13:30.817Z] Platform:      win32
[debug] [2021-08-04T16:13:30.817Z] Node Version:  v14.16.0
[debug] [2021-08-04T16:13:30.818Z] Time:          Wed Aug 04 2021 09:13:30 GMT-0700 (미 태평양 하계 표준시)
[debug] [2021-08-04T16:13:30.818Z] ----------------------------------------------------------------------
[debug] 
[debug] [2021-08-04T16:13:30.872Z] > command requires scopes: ["email","openid","https://www.googleapis.com/auth/cloudplatformprojects.readonly","https://www.googleapis.com/auth/firebase","https://www.googleapis.com/auth/cloud-platform"]
[debug] [2021-08-04T16:13:30.872Z] > authorizing via signed-in user (daiyongg.kim@gmail.com)
[info] i  emulators: Starting emulators: functions {"metadata":{"emulator":{"name":"hub"},"message":"Starting emulators: functions"}}
[debug] [2021-08-04T16:13:30.891Z] [hub] writing locator at C:\Users\boama\AppData\Local\Temp\hub-cloud-d9f02.json
[warn] !  functions: The following emulators are not running, calls to these services from the Functions emulator will affect production: auth, firestore, database, hosting, pubsub, storage {"metadata":{"emulator":{"name":"functions"},"message":"The following emulators are not running, calls to these services from the Functions emulator will affect production: \u001b[1mauth, firestore, database, hosting, pubsub, storage\u001b[22m"}}
[info] +  functions: Using node@14 from host. {"metadata":{"emulator":{"name":"functions"},"message":"Using node@14 from host."}}
[debug] [2021-08-04T16:13:30.946Z] defaultcredentials: writing to file C:\Users\boama\AppData\Roaming\firebase\daiyongg_kim_gmail.com_application_default_credentials.json
[debug] [2021-08-04T16:13:30.948Z] Setting GAC to C:\Users\boama\AppData\Roaming\firebase\daiyongg_kim_gmail.com_application_default_credentials.json {"metadata":{"emulator":{"name":"functions"},"message":"Setting GAC to C:\\Users\\boama\\AppData\\Roaming\\firebase\\daiyongg_kim_gmail.com_application_default_credentials.json"}}
[debug] [2021-08-04T16:13:30.950Z] > refreshing access token with scopes: []
[debug] [2021-08-04T16:13:30.951Z] >>> HTTP REQUEST POST https://www.googleapis.com/oauth2/v3/token  
 <request body omitted>
[debug] [2021-08-04T16:13:31.084Z] <<< HTTP RESPONSE 200 {"pragma":"no-cache","expires":"Mon, 01 Jan 1990 00:00:00 GMT","cache-control":"no-cache, no-store, max-age=0, must-revalidate","date":"Wed, 04 Aug 2021 16:13:33 GMT","content-type":"application/json; charset=utf-8","vary":"X-Origin, Referer, Origin,Accept-Encoding","server":"scaffolding on HTTPServer2","x-xss-protection":"0","x-frame-options":"SAMEORIGIN","x-content-type-options":"nosniff","alt-svc":"h3=\":443\"; ma=2592000,h3-29=\":443\"; ma=2592000,h3-T051=\":443\"; ma=2592000,h3-Q050=\":443\"; ma=2592000,h3-Q046=\":443\"; ma=2592000,h3-Q043=\":443\"; ma=2592000,quic=\":443\"; ma=2592000; v=\"46,43\"","accept-ranges":"none","transfer-encoding":"chunked"}
[debug] [2021-08-04T16:13:31.093Z] >>> [apiv2][query] GET https://firebase.googleapis.com/v1beta1/projects/cloud-d9f02/adminSdkConfig [none]
[debug] [2021-08-04T16:13:31.394Z] <<< [apiv2][status] GET https://firebase.googleapis.com/v1beta1/projects/cloud-d9f02/adminSdkConfig 200
[debug] [2021-08-04T16:13:31.394Z] <<< [apiv2][body] GET https://firebase.googleapis.com/v1beta1/projects/cloud-d9f02/adminSdkConfig {"projectId":"cloud-d9f02","storageBucket":"cloud-d9f02.appspot.com","locationId":"us-west2"}
[debug] [2021-08-04T16:13:31.408Z] Ignoring unsupported arg: auto_download {"metadata":{"emulator":{"name":"ui"},"message":"Ignoring unsupported arg: auto_download"}}
[debug] [2021-08-04T16:13:31.408Z] Ignoring unsupported arg: port {"metadata":{"emulator":{"name":"ui"},"message":"Ignoring unsupported arg: port"}}
[debug] [2021-08-04T16:13:31.408Z] Starting Emulator UI with command {"binary":"node","args":["C:\\Users\\boama\\.cache\\firebase\\emulators\\ui-v1.6.0\\server.bundle.js"],"optionalArgs":[],"joinArgs":false} {"metadata":{"emulator":{"name":"ui"},"message":"Starting Emulator UI with command {\"binary\":\"node\",\"args\":[\"C:\\\\Users\\\\boama\\\\.cache\\\\firebase\\\\emulators\\\\ui-v1.6.0\\\\server.bundle.js\"],\"optionalArgs\":[],\"joinArgs\":false}"}}
[info] i  ui: Emulator UI logging to ui-debug.log {"metadata":{"emulator":{"name":"ui"},"message":"Emulator UI logging to \u001b[1mui-debug.log\u001b[22m"}}
[debug] [2021-08-04T16:13:31.536Z] Web / API server started at localhost:4000
 {"metadata":{"emulator":{"name":"ui"},"message":"Web / API server started at localhost:4000\n"}}
[info] i  functions: Watching "E:\VFS\GP20 T4 Cloud Computing\VueApp\Telemetry\Telemetry\functions" for Cloud Functions... {"metadata":{"emulator":{"name":"functions"},"message":"Watching \"E:\\VFS\\GP20 T4 Cloud Computing\\VueApp\\Telemetry\\Telemetry\\functions\" for Cloud Functions..."}}
[debug] [2021-08-04T16:13:31.687Z] [worker-pool] addWorker(~diagnostic~) {"metadata":{"emulator":{"name":"functions"},"message":"[worker-pool] addWorker(~diagnostic~)"}}
[debug] [2021-08-04T16:13:31.687Z] [worker-pool] Adding worker with key ~diagnostic~, total=1 {"metadata":{"emulator":{"name":"functions"},"message":"[worker-pool] Adding worker with key ~diagnostic~, total=1"}}
[debug] [2021-08-04T16:13:31.688Z] [worker-pool] submitWork(triggerId=) {"metadata":{"emulator":{"name":"functions"},"message":"[worker-pool] submitWork(triggerId=)"}}
[debug] [2021-08-04T16:13:31.688Z] [worker-~diagnostic~-d6839e5d-7ea9-4c35-bf63-7e15b0c7c8bd]: Assigning socketPath: \\?\pipe\E:\VFS\GP20 T4 Cloud Computing\VueApp\Telemetry\Telemetry\functions\16116 {"metadata":{"emulator":{"name":"functions"},"message":"[worker-~diagnostic~-d6839e5d-7ea9-4c35-bf63-7e15b0c7c8bd]: Assigning socketPath: \\\\?\\pipe\\E:\\VFS\\GP20 T4 Cloud Computing\\VueApp\\Telemetry\\Telemetry\\functions\\16116"}}
[debug] [2021-08-04T16:13:31.688Z] [worker-~diagnostic~-d6839e5d-7ea9-4c35-bf63-7e15b0c7c8bd]: BUSY {"metadata":{"emulator":{"name":"functions"},"message":"[worker-~diagnostic~-d6839e5d-7ea9-4c35-bf63-7e15b0c7c8bd]: BUSY"}}
[debug] [2021-08-04T16:13:31.892Z] [runtime-status] [16116] Functions runtime initialized. {"cwd":"E:\\VFS\\GP20 T4 Cloud Computing\\VueApp\\Telemetry\\Telemetry\\functions","node_version":"14.16.0"} {"metadata":{"emulator":{"name":"functions"},"message":"[runtime-status] [16116] Functions runtime initialized. {\"cwd\":\"E:\\\\VFS\\\\GP20 T4 Cloud Computing\\\\VueApp\\\\Telemetry\\\\Telemetry\\\\functions\",\"node_version\":\"14.16.0\"}"}}
[debug] [2021-08-04T16:13:31.892Z] [runtime-status] [16116] Disabled runtime features: undefined {"metadata":{"emulator":{"name":"functions"},"message":"[runtime-status] [16116] Disabled runtime features: undefined"}}
[debug] [2021-08-04T16:13:31.894Z] [runtime-status] [16116] Resolved module firebase-admin {"declared":true,"installed":true,"version":"9.11.0","resolution":"E:\\VFS\\GP20 T4 Cloud Computing\\VueApp\\Telemetry\\Telemetry\\functions\\node_modules\\firebase-admin\\lib\\index.js"} {"metadata":{"emulator":{"name":"functions"},"message":"[runtime-status] [16116] Resolved module firebase-admin {\"declared\":true,\"installed\":true,\"version\":\"9.11.0\",\"resolution\":\"E:\\\\VFS\\\\GP20 T4 Cloud Computing\\\\VueApp\\\\Telemetry\\\\Telemetry\\\\functions\\\\node_modules\\\\firebase-admin\\\\lib\\\\index.js\"}"}}
[debug] [2021-08-04T16:13:31.896Z] [runtime-status] [16116] Resolved module firebase-functions {"declared":true,"installed":true,"version":"3.14.1","resolution":"E:\\VFS\\GP20 T4 Cloud Computing\\VueApp\\Telemetry\\Telemetry\\functions\\node_modules\\firebase-functions\\lib\\index.js"} {"metadata":{"emulator":{"name":"functions"},"message":"[runtime-status] [16116] Resolved module firebase-functions {\"declared\":true,\"installed\":true,\"version\":\"3.14.1\",\"resolution\":\"E:\\\\VFS\\\\GP20 T4 Cloud Computing\\\\VueApp\\\\Telemetry\\\\Telemetry\\\\functions\\\\node_modules\\\\firebase-functions\\\\lib\\\\index.js\"}"}}
[debug] [2021-08-04T16:13:31.897Z] [runtime-status] [16116] Resolved module firebase-functions {"declared":true,"installed":true,"version":"3.14.1","resolution":"E:\\VFS\\GP20 T4 Cloud Computing\\VueApp\\Telemetry\\Telemetry\\functions\\node_modules\\firebase-functions\\lib\\index.js"} {"metadata":{"emulator":{"name":"functions"},"message":"[runtime-status] [16116] Resolved module firebase-functions {\"declared\":true,\"installed\":true,\"version\":\"3.14.1\",\"resolution\":\"E:\\\\VFS\\\\GP20 T4 Cloud Computing\\\\VueApp\\\\Telemetry\\\\Telemetry\\\\functions\\\\node_modules\\\\firebase-functions\\\\lib\\\\index.js\"}"}}
[debug] [2021-08-04T16:13:31.899Z] [runtime-status] [16116] Outgoing network have been stubbed. [{"name":"http","status":"mocked"},{"name":"http","status":"mocked"},{"name":"https","status":"mocked"},{"name":"https","status":"mocked"},{"name":"net","status":"mocked"}] {"metadata":{"emulator":{"name":"functions"},"message":"[runtime-status] [16116] Outgoing network have been stubbed. [{\"name\":\"http\",\"status\":\"mocked\"},{\"name\":\"http\",\"status\":\"mocked\"},{\"name\":\"https\",\"status\":\"mocked\"},{\"name\":\"https\",\"status\":\"mocked\"},{\"name\":\"net\",\"status\":\"mocked\"}]"}}
[debug] [2021-08-04T16:13:31.899Z] [runtime-status] [16116] Resolved module firebase-functions {"declared":true,"installed":true,"version":"3.14.1","resolution":"E:\\VFS\\GP20 T4 Cloud Computing\\VueApp\\Telemetry\\Telemetry\\functions\\node_modules\\firebase-functions\\lib\\index.js"} {"metadata":{"emulator":{"name":"functions"},"message":"[runtime-status] [16116] Resolved module firebase-functions {\"declared\":true,\"installed\":true,\"version\":\"3.14.1\",\"resolution\":\"E:\\\\VFS\\\\GP20 T4 Cloud Computing\\\\VueApp\\\\Telemetry\\\\Telemetry\\\\functions\\\\node_modules\\\\firebase-functions\\\\lib\\\\index.js\"}"}}
[debug] [2021-08-04T16:13:31.938Z] [runtime-status] [16116] Checked functions.config() {"config":{}} {"metadata":{"emulator":{"name":"functions"},"message":"[runtime-status] [16116] Checked functions.config() {\"config\":{}}"}}
[debug] [2021-08-04T16:13:31.938Z] [runtime-status] [16116] firebase-functions has been stubbed. {"functionsResolution":{"declared":true,"installed":true,"version":"3.14.1","resolution":"E:\\VFS\\GP20 T4 Cloud Computing\\VueApp\\Telemetry\\Telemetry\\functions\\node_modules\\firebase-functions\\lib\\index.js"}} {"metadata":{"emulator":{"name":"functions"},"message":"[runtime-status] [16116] firebase-functions has been stubbed. {\"functionsResolution\":{\"declared\":true,\"installed\":true,\"version\":\"3.14.1\",\"resolution\":\"E:\\\\VFS\\\\GP20 T4 Cloud Computing\\\\VueApp\\\\Telemetry\\\\Telemetry\\\\functions\\\\node_modules\\\\firebase-functions\\\\lib\\\\index.js\"}}"}}
[debug] [2021-08-04T16:13:31.938Z] [runtime-status] [16116] Resolved module firebase-functions {"declared":true,"installed":true,"version":"3.14.1","resolution":"E:\\VFS\\GP20 T4 Cloud Computing\\VueApp\\Telemetry\\Telemetry\\functions\\node_modules\\firebase-functions\\lib\\index.js"} {"metadata":{"emulator":{"name":"functions"},"message":"[runtime-status] [16116] Resolved module firebase-functions {\"declared\":true,\"installed\":true,\"version\":\"3.14.1\",\"resolution\":\"E:\\\\VFS\\\\GP20 T4 Cloud Computing\\\\VueApp\\\\Telemetry\\\\Telemetry\\\\functions\\\\node_modules\\\\firebase-functions\\\\lib\\\\index.js\"}"}}
[debug] [2021-08-04T16:13:31.939Z] [runtime-status] [16116] Resolved module firebase-admin {"declared":true,"installed":true,"version":"9.11.0","resolution":"E:\\VFS\\GP20 T4 Cloud Computing\\VueApp\\Telemetry\\Telemetry\\functions\\node_modules\\firebase-admin\\lib\\index.js"} {"metadata":{"emulator":{"name":"functions"},"message":"[runtime-status] [16116] Resolved module firebase-admin {\"declared\":true,\"installed\":true,\"version\":\"9.11.0\",\"resolution\":\"E:\\\\VFS\\\\GP20 T4 Cloud Computing\\\\VueApp\\\\Telemetry\\\\Telemetry\\\\functions\\\\node_modules\\\\firebase-admin\\\\lib\\\\index.js\"}"}}
[debug] [2021-08-04T16:13:31.939Z] [runtime-status] [16116] Resolved module firebase-functions {"declared":true,"installed":true,"version":"3.14.1","resolution":"E:\\VFS\\GP20 T4 Cloud Computing\\VueApp\\Telemetry\\Telemetry\\functions\\node_modules\\firebase-functions\\lib\\index.js"} {"metadata":{"emulator":{"name":"functions"},"message":"[runtime-status] [16116] Resolved module firebase-functions {\"declared\":true,\"installed\":true,\"version\":\"3.14.1\",\"resolution\":\"E:\\\\VFS\\\\GP20 T4 Cloud Computing\\\\VueApp\\\\Telemetry\\\\Telemetry\\\\functions\\\\node_modules\\\\firebase-functions\\\\lib\\\\index.js\"}"}}
[debug] [2021-08-04T16:13:31.940Z] [runtime-status] [16116] firebase-admin has been stubbed. {"adminResolution":{"declared":true,"installed":true,"version":"9.11.0","resolution":"E:\\VFS\\GP20 T4 Cloud Computing\\VueApp\\Telemetry\\Telemetry\\functions\\node_modules\\firebase-admin\\lib\\index.js"}} {"metadata":{"emulator":{"name":"functions"},"message":"[runtime-status] [16116] firebase-admin has been stubbed. {\"adminResolution\":{\"declared\":true,\"installed\":true,\"version\":\"9.11.0\",\"resolution\":\"E:\\\\VFS\\\\GP20 T4 Cloud Computing\\\\VueApp\\\\Telemetry\\\\Telemetry\\\\functions\\\\node_modules\\\\firebase-admin\\\\lib\\\\index.js\"}}"}}
[debug] [2021-08-04T16:13:31.963Z] [runtime-status] [16116] initializeApp(DEFAULT) {"projectId":"cloud-d9f02","databaseURL":"https://cloud-d9f02.firebaseappio.com","storageBucket":"cloud-d9f02.appspot.com","locationId":"us-central"} {"metadata":{"emulator":{"name":"functions"},"message":"[runtime-status] [16116] initializeApp(DEFAULT) {\"projectId\":\"cloud-d9f02\",\"databaseURL\":\"https://cloud-d9f02.firebaseappio.com\",\"storageBucket\":\"cloud-d9f02.appspot.com\",\"locationId\":\"us-central\"}"}}
[warn] !  functions: The Cloud Firestore emulator is not running, so calls to Firestore will affect production. {"metadata":{"emulator":{"name":"functions"},"message":"The Cloud Firestore emulator is not running, so calls to Firestore will affect production."}}
[info] +  functions[us-central1-aggregate]: http function initialized (http://localhost:5001/cloud-d9f02/us-central1/aggregate). {"metadata":{"emulator":{"name":"functions"},"message":"\u001b[1mhttp\u001b[22m function initialized (http://localhost:5001/cloud-d9f02/us-central1/aggregate)."}}
[info] +  functions[us-central1-getdata]: http function initialized (http://localhost:5001/cloud-d9f02/us-central1/getdata). {"metadata":{"emulator":{"name":"functions"},"message":"\u001b[1mhttp\u001b[22m function initialized (http://localhost:5001/cloud-d9f02/us-central1/getdata)."}}
[info] +  functions[us-central1-senddata]: http function initialized (http://localhost:5001/cloud-d9f02/us-central1/senddata). {"metadata":{"emulator":{"name":"functions"},"message":"\u001b[1mhttp\u001b[22m function initialized (http://localhost:5001/cloud-d9f02/us-central1/senddata)."}}
[info] 
┌─────────────────────────────────────────────────────────────┐
│ ✔  All emulators ready! It is now safe to connect your app. │
│ i  View Emulator UI at http://localhost:4000                │
└─────────────────────────────────────────────────────────────┘

┌───────────┬────────────────┬─────────────────────────────────┐
│ Emulator  │ Host:Port      │ View in Emulator UI             │
├───────────┼────────────────┼─────────────────────────────────┤
│ Functions │ localhost:5001 │ http://localhost:4000/functions │
└───────────┴────────────────┴─────────────────────────────────┘
  Emulator Hub running at localhost:4400
  Other reserved ports: 4500

Issues? Report them at https://github.com/firebase/firebase-tools/issues and attach the *-debug.log files.
 
[debug] [2021-08-04T16:13:31.974Z] [worker-~diagnostic~-d6839e5d-7ea9-4c35-bf63-7e15b0c7c8bd]: IDLE {"metadata":{"emulator":{"name":"functions"},"message":"[worker-~diagnostic~-d6839e5d-7ea9-4c35-bf63-7e15b0c7c8bd]: IDLE"}}
